# JRE version: OpenJDK Runtime Environment GraalVM CE 22.3.0 (17.0.5+8) (build 17.0.5+8-jvmci-22.3-b08)
# Java VM: OpenJDK 64-Bit Server VM GraalVM CE 22.3.0 (17.0.5+8-jvmci-22.3-b08, mixed mode, sharing, tiered, jvmci, jvmci compiler, compressed oops, compressed class ptrs, parallel gc, linux-amd64)
GC Precious Log:
 CPUs: 16 total, 1 available
 Memory: 1792M
 Large Page Support: Disabled
 NUMA Support: Disabled
 Compressed Oops: Enabled (32-bit)
 Alignments: Space 512K, Generation 512K, Heap 2M
 Heap Min Capacity: 100M
 Heap Initial Capacity: 100M
 Heap Max Capacity: 512M
 Pre-touch: Disabled
 Parallel Workers: 1
Heap:
 PSYoungGen      total 53760K, used 30719K [0x00000000f5580000, 0x00000000fa280000, 0x0000000100000000)
  eden space 30720K, 99% used [0x00000000f5580000,0x00000000f737fff8,0x00000000f7380000)
  from space 23040K, 0% used [0x00000000f8a00000,0x00000000f8a00000,0x00000000fa080000)
  to   space 23040K, 0% used [0x00000000f7380000,0x00000000f7380000,0x00000000f8a00000)
 ParOldGen       total 349696K, used 349694K [0x00000000e0000000, 0x00000000f5580000, 0x00000000f5580000)
  object space 349696K, 99% used [0x00000000e0000000,0x00000000f557fb08,0x00000000f5580000)
 Metaspace       used 59287K, committed 60224K, reserved 1105920K
  class space    used 5558K, committed 6016K, reserved 1048576K
GC Heap History (20 events):
Event: 1410.408 GC heap before
{Heap before GC invocations=1051 (full 992):
 PSYoungGen      total 53760K, used 30719K [0x00000000f5580000, 0x00000000fa280000, 0x0000000100000000)
  eden space 30720K, 99% used [0x00000000f5580000,0x00000000f737ffb8,0x00000000f7380000)
  from space 23040K, 0% used [0x00000000f8a00000,0x00000000f8a00000,0x00000000fa080000)
  to   space 23040K, 0% used [0x00000000f7380000,0x00000000f7380000,0x00000000f8a00000)
 ParOldGen       total 349696K, used 349691K [0x00000000e0000000, 0x00000000f5580000, 0x00000000f5580000)
  object space 349696K, 99% used [0x00000000e0000000,0x00000000f557ee10,0x00000000f5580000)
 Metaspace       used 59287K, committed 60224K, reserved 1105920K
  class space    used 5558K, committed 6016K, reserved 1048576K
}
Event: 1411.838 GC heap after
{Heap after GC invocations=1051 (full 992):
 PSYoungGen      total 53760K, used 30719K [0x00000000f5580000, 0x00000000fa280000, 0x0000000100000000)
  eden space 30720K, 99% used [0x00000000f5580000,0x00000000f737ff78,0x00000000f7380000)
  from space 23040K, 0% used [0x00000000f7380000,0x00000000f7380000,0x00000000f8a00000)
  to   space 23040K, 0% used [0x00000000f8a00000,0x00000000f8a00000,0x00000000fa080000)
 ParOldGen       total 349696K, used 349691K [0x00000000e0000000, 0x00000000f5580000, 0x00000000f5580000)
  object space 349696K, 99% used [0x00000000e0000000,0x00000000f557ee10,0x00000000f5580000)
 Metaspace       used 59287K, committed 60224K, reserved 1105920K
  class space    used 5558K, committed 6016K, reserved 1048576K
}
Event: 1411.839 GC heap before
{Heap before GC invocations=1052 (full 993):
 PSYoungGen      total 53760K, used 30720K [0x00000000f5580000, 0x00000000fa280000, 0x0000000100000000)
  eden space 30720K, 100% used [0x00000000f5580000,0x00000000f7380000,0x00000000f7380000)
  from space 23040K, 0% used [0x00000000f7380000,0x00000000f7380000,0x00000000f8a00000)
  to   space 23040K, 0% used [0x00000000f8a00000,0x00000000f8a00000,0x00000000fa080000)
 ParOldGen       total 349696K, used 349691K [0x00000000e0000000, 0x00000000f5580000, 0x00000000f5580000)
  object space 349696K, 99% used [0x00000000e0000000,0x00000000f557ee10,0x00000000f5580000)
 Metaspace       used 59287K, committed 60224K, reserved 1105920K
  class space    used 5558K, committed 6016K, reserved 1048576K
}
Event: 1412.926 GC heap after
{Heap after GC invocations=1052 (full 993):
 PSYoungGen      total 53760K, used 30719K [0x00000000f5580000, 0x00000000fa280000, 0x0000000100000000)
  eden space 30720K, 99% used [0x00000000f5580000,0x00000000f737ff88,0x00000000f7380000)
  from space 23040K, 0% used [0x00000000f8a00000,0x00000000f8a00000,0x00000000fa080000)
  to   space 23040K, 0% used [0x00000000f7380000,0x00000000f7380000,0x00000000f8a00000)
 ParOldGen       total 349696K, used 349691K [0x00000000e0000000, 0x00000000f5580000, 0x00000000f5580000)
  object space 349696K, 99% used [0x00000000e0000000,0x00000000f557ed50,0x00000000f5580000)
 Metaspace       used 59287K, committed 60224K, reserved 1105920K
  class space    used 5558K, committed 6016K, reserved 1048576K
}
Event: 1412.926 GC heap before
{Heap before GC invocations=1053 (full 994):
 PSYoungGen      total 53760K, used 30719K [0x00000000f5580000, 0x00000000fa280000, 0x0000000100000000)
  eden space 30720K, 99% used [0x00000000f5580000,0x00000000f737fff8,0x00000000f7380000)
  from space 23040K, 0% used [0x00000000f8a00000,0x00000000f8a00000,0x00000000fa080000)
  to   space 23040K, 0% used [0x00000000f7380000,0x00000000f7380000,0x00000000f8a00000)
 ParOldGen       total 349696K, used 349691K [0x00000000e0000000, 0x00000000f5580000, 0x00000000f5580000)
  object space 349696K, 99% used [0x00000000e0000000,0x00000000f557ed50,0x00000000f5580000)
 Metaspace       used 59287K, committed 60224K, reserved 1105920K
  class space    used 5558K, committed 6016K, reserved 1048576K
}
Event: 1414.835 GC heap after
{Heap after GC invocations=1053 (full 994):
 PSYoungGen      total 53760K, used 30719K [0x00000000f5580000, 0x00000000fa280000, 0x0000000100000000)
  eden space 30720K, 99% used [0x00000000f5580000,0x00000000f737fff8,0x00000000f7380000)
  from space 23040K, 0% used [0x00000000f7380000,0x00000000f7380000,0x00000000f8a00000)
  to   space 23040K, 0% used [0x00000000f8a00000,0x00000000f8a00000,0x00000000fa080000)
 ParOldGen       total 349696K, used 349691K [0x00000000e0000000, 0x00000000f5580000, 0x00000000f5580000)
  object space 349696K, 99% used [0x00000000e0000000,0x00000000f557ed50,0x00000000f5580000)
 Metaspace       used 59287K, committed 60224K, reserved 1105920K
  class space    used 5558K, committed 6016K, reserved 1048576K
}
Event: 1414.836 GC heap before
{Heap before GC invocations=1054 (full 995):
 PSYoungGen      total 53760K, used 30719K [0x00000000f5580000, 0x00000000fa280000, 0x0000000100000000)
  eden space 30720K, 99% used [0x00000000f5580000,0x00000000f737fff8,0x00000000f7380000)
  from space 23040K, 0% used [0x00000000f7380000,0x00000000f7380000,0x00000000f8a00000)
  to   space 23040K, 0% used [0x00000000f8a00000,0x00000000f8a00000,0x00000000fa080000)
 ParOldGen       total 349696K, used 349695K [0x00000000e0000000, 0x00000000f5580000, 0x00000000f5580000)
  object space 349696K, 99% used [0x00000000e0000000,0x00000000f557ffe0,0x00000000f5580000)
 Metaspace       used 59287K, committed 60224K, reserved 1105920K
  class space    used 5558K, committed 6016K, reserved 1048576K
}
Event: 1416.970 GC heap after
{Heap after GC invocations=1054 (full 995):
 PSYoungGen      total 53760K, used 30719K [0x00000000f5580000, 0x00000000fa280000, 0x0000000100000000)
  eden space 30720K, 99% used [0x00000000f5580000,0x00000000f737ff38,0x00000000f7380000)
  from space 23040K, 0% used [0x00000000f8a00000,0x00000000f8a00000,0x00000000fa080000)
  to   space 23040K, 0% used [0x00000000f7380000,0x00000000f7380000,0x00000000f8a00000)
 ParOldGen       total 349696K, used 349693K [0x00000000e0000000, 0x00000000f5580000, 0x00000000f5580000)
  object space 349696K, 99% used [0x00000000e0000000,0x00000000f557f710,0x00000000f5580000)
 Metaspace       used 59287K, committed 60224K, reserved 1105920K
  class space    used 5558K, committed 6016K, reserved 1048576K
}
Event: 1416.970 GC heap before
{Heap before GC invocations=1055 (full 996):
 PSYoungGen      total 53760K, used 30719K [0x00000000f5580000, 0x00000000fa280000, 0x0000000100000000)
  eden space 30720K, 99% used [0x00000000f5580000,0x00000000f737ff78,0x00000000f7380000)
  from space 23040K, 0% used [0x00000000f8a00000,0x00000000f8a00000,0x00000000fa080000)
  to   space 23040K, 0% used [0x00000000f7380000,0x00000000f7380000,0x00000000f8a00000)
 ParOldGen       total 349696K, used 349693K [0x00000000e0000000, 0x00000000f5580000, 0x00000000f5580000)
  object space 349696K, 99% used [0x00000000e0000000,0x00000000f557f710,0x00000000f5580000)
 Metaspace       used 59287K, committed 60224K, reserved 1105920K
  class space    used 5558K, committed 6016K, reserved 1048576K
}
Event: 1418.849 GC heap after
{Heap after GC invocations=1055 (full 996):
 PSYoungGen      total 53760K, used 30719K [0x00000000f5580000, 0x00000000fa280000, 0x0000000100000000)
  eden space 30720K, 99% used [0x00000000f5580000,0x00000000f737ff78,0x00000000f7380000)
  from space 23040K, 0% used [0x00000000f7380000,0x00000000f7380000,0x00000000f8a00000)
  to   space 23040K, 0% used [0x00000000f8a00000,0x00000000f8a00000,0x00000000fa080000)
 ParOldGen       total 349696K, used 349693K [0x00000000e0000000, 0x00000000f5580000, 0x00000000f5580000)
  object space 349696K, 99% used [0x00000000e0000000,0x00000000f557f710,0x00000000f5580000)
 Metaspace       used 59287K, committed 60224K, reserved 1105920K
  class space    used 5558K, committed 6016K, reserved 1048576K
}
Event: 1418.850 GC heap before
{Heap before GC invocations=1056 (full 997):
 PSYoungGen      total 53760K, used 30720K [0x00000000f5580000, 0x00000000fa280000, 0x0000000100000000)
  eden space 30720K, 100% used [0x00000000f5580000,0x00000000f7380000,0x00000000f7380000)
  from space 23040K, 0% used [0x00000000f7380000,0x00000000f7380000,0x00000000f8a00000)
  to   space 23040K, 0% used [0x00000000f8a00000,0x00000000f8a00000,0x00000000fa080000)
 ParOldGen       total 349696K, used 349695K [0x00000000e0000000, 0x00000000f5580000, 0x00000000f5580000)
  object space 349696K, 99% used [0x00000000e0000000,0x00000000f557fff8,0x00000000f5580000)
 Metaspace       used 59287K, committed 60224K, reserved 1105920K
  class space    used 5558K, committed 6016K, reserved 1048576K
}
Event: 1420.832 GC heap after
{Heap after GC invocations=1056 (full 997):
 PSYoungGen      total 53760K, used 30719K [0x00000000f5580000, 0x00000000fa280000, 0x0000000100000000)
  eden space 30720K, 99% used [0x00000000f5580000,0x00000000f737ff38,0x00000000f7380000)
  from space 23040K, 0% used [0x00000000f8a00000,0x00000000f8a00000,0x00000000fa080000)
  to   space 23040K, 0% used [0x00000000f7380000,0x00000000f7380000,0x00000000f8a00000)
 ParOldGen       total 349696K, used 349693K [0x00000000e0000000, 0x00000000f5580000, 0x00000000f5580000)
  object space 349696K, 99% used [0x00000000e0000000,0x00000000f557f6c8,0x00000000f5580000)
 Metaspace       used 59287K, committed 60224K, reserved 1105920K
  class space    used 5558K, committed 6016K, reserved 1048576K
}
Event: 1420.841 GC heap before
{Heap before GC invocations=1057 (full 998):
 PSYoungGen      total 53760K, used 30719K [0x00000000f5580000, 0x00000000fa280000, 0x0000000100000000)
  eden space 30720K, 99% used [0x00000000f5580000,0x00000000f737ffb8,0x00000000f7380000)
  from space 23040K, 0% used [0x00000000f8a00000,0x00000000f8a00000,0x00000000fa080000)
  to   space 23040K, 0% used [0x00000000f7380000,0x00000000f7380000,0x00000000f8a00000)
 ParOldGen       total 349696K, used 349693K [0x00000000e0000000, 0x00000000f5580000, 0x00000000f5580000)
  object space 349696K, 99% used [0x00000000e0000000,0x00000000f557f6c8,0x00000000f5580000)
 Metaspace       used 59287K, committed 60224K, reserved 1105920K
  class space    used 5558K, committed 6016K, reserved 1048576K
}
Event: 1422.381 GC heap after
{Heap after GC invocations=1057 (full 998):
 PSYoungGen      total 53760K, used 30719K [0x00000000f5580000, 0x00000000fa280000, 0x0000000100000000)
  eden space 30720K, 99% used [0x00000000f5580000,0x00000000f737ffa0,0x00000000f7380000)
  from space 23040K, 0% used [0x00000000f7380000,0x00000000f7380000,0x00000000f8a00000)
  to   space 23040K, 0% used [0x00000000f8a00000,0x00000000f8a00000,0x00000000fa080000)
 ParOldGen       total 349696K, used 349693K [0x00000000e0000000, 0x00000000f5580000, 0x00000000f5580000)
  object space 349696K, 99% used [0x00000000e0000000,0x00000000f557f6a8,0x00000000f5580000)
 Metaspace       used 59287K, committed 60224K, reserved 1105920K
  class space    used 5558K, committed 6016K, reserved 1048576K
}
Event: 1422.381 GC heap before
{Heap before GC invocations=1058 (full 999):
 PSYoungGen      total 53760K, used 30719K [0x00000000f5580000, 0x00000000fa280000, 0x0000000100000000)
  eden space 30720K, 99% used [0x00000000f5580000,0x00000000f737fff0,0x00000000f7380000)
  from space 23040K, 0% used [0x00000000f7380000,0x00000000f7380000,0x00000000f8a00000)
  to   space 23040K, 0% used [0x00000000f8a00000,0x00000000f8a00000,0x00000000fa080000)
 ParOldGen       total 349696K, used 349693K [0x00000000e0000000, 0x00000000f5580000, 0x00000000f5580000)
  object space 349696K, 99% used [0x00000000e0000000,0x00000000f557f6a8,0x00000000f5580000)
 Metaspace       used 59287K, committed 60224K, reserved 1105920K
  class space    used 5558K, committed 6016K, reserved 1048576K
}
Event: 1423.997 GC heap after
{Heap after GC invocations=1058 (full 999):
 PSYoungGen      total 53760K, used 30719K [0x00000000f5580000, 0x00000000fa280000, 0x0000000100000000)
  eden space 30720K, 99% used [0x00000000f5580000,0x00000000f737fff0,0x00000000f7380000)
  from space 23040K, 0% used [0x00000000f8a00000,0x00000000f8a00000,0x00000000fa080000)
  to   space 23040K, 0% used [0x00000000f7380000,0x00000000f7380000,0x00000000f8a00000)
 ParOldGen       total 349696K, used 349693K [0x00000000e0000000, 0x00000000f5580000, 0x00000000f5580000)
  object space 349696K, 99% used [0x00000000e0000000,0x00000000f557f6a8,0x00000000f5580000)
 Metaspace       used 59287K, committed 60224K, reserved 1105920K
  class space    used 5558K, committed 6016K, reserved 1048576K
}
Event: 1423.998 GC heap before
{Heap before GC invocations=1059 (full 1000):
 PSYoungGen      total 53760K, used 30720K [0x00000000f5580000, 0x00000000fa280000, 0x0000000100000000)
  eden space 30720K, 100% used [0x00000000f5580000,0x00000000f7380000,0x00000000f7380000)
  from space 23040K, 0% used [0x00000000f8a00000,0x00000000f8a00000,0x00000000fa080000)
  to   space 23040K, 0% used [0x00000000f7380000,0x00000000f7380000,0x00000000f8a00000)
 ParOldGen       total 349696K, used 349694K [0x00000000e0000000, 0x00000000f5580000, 0x00000000f5580000)
  object space 349696K, 99% used [0x00000000e0000000,0x00000000f557f940,0x00000000f5580000)
 Metaspace       used 59287K, committed 60224K, reserved 1105920K
  class space    used 5558K, committed 6016K, reserved 1048576K
}
Event: 1424.774 GC heap after
{Heap after GC invocations=1059 (full 1000):
 PSYoungGen      total 53760K, used 30719K [0x00000000f5580000, 0x00000000fa280000, 0x0000000100000000)
  eden space 30720K, 99% used [0x00000000f5580000,0x00000000f737feb8,0x00000000f7380000)
  from space 23040K, 0% used [0x00000000f7380000,0x00000000f7380000,0x00000000f8a00000)
  to   space 23040K, 0% used [0x00000000f8a00000,0x00000000f8a00000,0x00000000fa080000)
 ParOldGen       total 349696K, used 349693K [0x00000000e0000000, 0x00000000f5580000, 0x00000000f5580000)
  object space 349696K, 99% used [0x00000000e0000000,0x00000000f557f710,0x00000000f5580000)
 Metaspace       used 59287K, committed 60224K, reserved 1105920K
  class space    used 5558K, committed 6016K, reserved 1048576K
}
Event: 1424.774 GC heap before
{Heap before GC invocations=1060 (full 1001):
 PSYoungGen      total 53760K, used 30719K [0x00000000f5580000, 0x00000000fa280000, 0x0000000100000000)
  eden space 30720K, 99% used [0x00000000f5580000,0x00000000f737feb8,0x00000000f7380000)
  from space 23040K, 0% used [0x00000000f7380000,0x00000000f7380000,0x00000000f8a00000)
  to   space 23040K, 0% used [0x00000000f8a00000,0x00000000f8a00000,0x00000000fa080000)
 ParOldGen       total 349696K, used 349693K [0x00000000e0000000, 0x00000000f5580000, 0x00000000f5580000)
  object space 349696K, 99% used [0x00000000e0000000,0x00000000f557f710,0x00000000f5580000)
 Metaspace       used 59287K, committed 60224K, reserved 1105920K
  class space    used 5558K, committed 6016K, reserved 1048576K
}
Event: 1425.715 GC heap after
{Heap after GC invocations=1060 (full 1001):
 PSYoungGen      total 53760K, used 30719K [0x00000000f5580000, 0x00000000fa280000, 0x0000000100000000)
  eden space 30720K, 99% used [0x00000000f5580000,0x00000000f737feb8,0x00000000f7380000)
  from space 23040K, 0% used [0x00000000f8a00000,0x00000000f8a00000,0x00000000fa080000)
  to   space 23040K, 0% used [0x00000000f7380000,0x00000000f7380000,0x00000000f8a00000)
 ParOldGen       total 349696K, used 349693K [0x00000000e0000000, 0x00000000f5580000, 0x00000000f5580000)
  object space 349696K, 99% used [0x00000000e0000000,0x00000000f557f710,0x00000000f5580000)
 Metaspace       used 59287K, committed 60224K, reserved 1105920K
  class space    used 5558K, committed 6016K, reserved 1048576K
}

