# JRE version: OpenJDK Runtime Environment GraalVM CE 22.3.0 (17.0.5+8) (build 17.0.5+8-jvmci-22.3-b08)
# Java VM: OpenJDK 64-Bit Server VM GraalVM CE 22.3.0 (17.0.5+8-jvmci-22.3-b08, mixed mode, sharing, tiered, jvmci, jvmci compiler, compressed oops, compressed class ptrs, parallel gc, linux-amd64)
GC Precious Log:
 CPUs: 16 total, 2 available
 Memory: 3215M
 Large Page Support: Disabled
 NUMA Support: Disabled
 Compressed Oops: Enabled (32-bit)
 Alignments: Space 512K, Generation 512K, Heap 2M
 Heap Min Capacity: 100M
 Heap Initial Capacity: 100M
 Heap Max Capacity: 512M
 Pre-touch: Disabled
 Parallel Workers: 2
Heap:
 PSYoungGen      total 20992K, used 15872K [0x00000000f5580000, 0x00000000f7000000, 0x0000000100000000)
  eden space 15872K, 100% used [0x00000000f5580000,0x00000000f6500000,0x00000000f6500000)
  from space 5120K, 0% used [0x00000000f6500000,0x00000000f6500000,0x00000000f6a00000)
  to   space 4096K, 0% used [0x00000000f6c00000,0x00000000f6c00000,0x00000000f7000000)
 ParOldGen       total 349696K, used 349694K [0x00000000e0000000, 0x00000000f5580000, 0x00000000f5580000)
  object space 349696K, 99% used [0x00000000e0000000,0x00000000f557fbb0,0x00000000f5580000)
 Metaspace       used 56979K, committed 58176K, reserved 1105920K
  class space    used 5608K, committed 6144K, reserved 1048576K
GC Heap History (20 events):
Event: 162.662 GC heap before
{Heap before GC invocations=432 (full 312):
 PSYoungGen      total 20992K, used 15872K [0x00000000f5580000, 0x00000000f7000000, 0x0000000100000000)
  eden space 15872K, 100% used [0x00000000f5580000,0x00000000f6500000,0x00000000f6500000)
  from space 5120K, 0% used [0x00000000f6500000,0x00000000f6500000,0x00000000f6a00000)
  to   space 4096K, 0% used [0x00000000f6c00000,0x00000000f6c00000,0x00000000f7000000)
 ParOldGen       total 349696K, used 349686K [0x00000000e0000000, 0x00000000f5580000, 0x00000000f5580000)
  object space 349696K, 99% used [0x00000000e0000000,0x00000000f557d8c0,0x00000000f5580000)
 Metaspace       used 56979K, committed 58176K, reserved 1105920K
  class space    used 5608K, committed 6144K, reserved 1048576K
}
Event: 163.158 GC heap after
{Heap after GC invocations=432 (full 312):
 PSYoungGen      total 19968K, used 15871K [0x00000000f5580000, 0x00000000f7000000, 0x0000000100000000)
  eden space 15872K, 99% used [0x00000000f5580000,0x00000000f64fff50,0x00000000f6500000)
  from space 4096K, 0% used [0x00000000f6c00000,0x00000000f6c00000,0x00000000f7000000)
  to   space 5120K, 0% used [0x00000000f6500000,0x00000000f6500000,0x00000000f6a00000)
 ParOldGen       total 349696K, used 349686K [0x00000000e0000000, 0x00000000f5580000, 0x00000000f5580000)
  object space 349696K, 99% used [0x00000000e0000000,0x00000000f557d8c0,0x00000000f5580000)
 Metaspace       used 56979K, committed 58176K, reserved 1105920K
  class space    used 5608K, committed 6144K, reserved 1048576K
}
Event: 163.158 GC heap before
{Heap before GC invocations=433 (full 313):
 PSYoungGen      total 19968K, used 15872K [0x00000000f5580000, 0x00000000f7000000, 0x0000000100000000)
  eden space 15872K, 100% used [0x00000000f5580000,0x00000000f6500000,0x00000000f6500000)
  from space 4096K, 0% used [0x00000000f6c00000,0x00000000f6c00000,0x00000000f7000000)
  to   space 5120K, 0% used [0x00000000f6500000,0x00000000f6500000,0x00000000f6a00000)
 ParOldGen       total 349696K, used 349686K [0x00000000e0000000, 0x00000000f5580000, 0x00000000f5580000)
  object space 349696K, 99% used [0x00000000e0000000,0x00000000f557d8c0,0x00000000f5580000)
 Metaspace       used 56979K, committed 58176K, reserved 1105920K
  class space    used 5608K, committed 6144K, reserved 1048576K
}
Event: 163.613 GC heap after
{Heap after GC invocations=433 (full 313):
 PSYoungGen      total 20992K, used 15871K [0x00000000f5580000, 0x00000000f7000000, 0x0000000100000000)
  eden space 15872K, 99% used [0x00000000f5580000,0x00000000f64fff98,0x00000000f6500000)
  from space 5120K, 0% used [0x00000000f6500000,0x00000000f6500000,0x00000000f6a00000)
  to   space 4096K, 0% used [0x00000000f6c00000,0x00000000f6c00000,0x00000000f7000000)
 ParOldGen       total 349696K, used 349686K [0x00000000e0000000, 0x00000000f5580000, 0x00000000f5580000)
  object space 349696K, 99% used [0x00000000e0000000,0x00000000f557d8c0,0x00000000f5580000)
 Metaspace       used 56979K, committed 58176K, reserved 1105920K
  class space    used 5608K, committed 6144K, reserved 1048576K
}
Event: 163.613 GC heap before
{Heap before GC invocations=434 (full 314):
 PSYoungGen      total 20992K, used 15872K [0x00000000f5580000, 0x00000000f7000000, 0x0000000100000000)
  eden space 15872K, 100% used [0x00000000f5580000,0x00000000f6500000,0x00000000f6500000)
  from space 5120K, 0% used [0x00000000f6500000,0x00000000f6500000,0x00000000f6a00000)
  to   space 4096K, 0% used [0x00000000f6c00000,0x00000000f6c00000,0x00000000f7000000)
 ParOldGen       total 349696K, used 349691K [0x00000000e0000000, 0x00000000f5580000, 0x00000000f5580000)
  object space 349696K, 99% used [0x00000000e0000000,0x00000000f557eeb8,0x00000000f5580000)
 Metaspace       used 56979K, committed 58176K, reserved 1105920K
  class space    used 5608K, committed 6144K, reserved 1048576K
}
Event: 164.074 GC heap after
{Heap after GC invocations=434 (full 314):
 PSYoungGen      total 19968K, used 15871K [0x00000000f5580000, 0x00000000f7000000, 0x0000000100000000)
  eden space 15872K, 99% used [0x00000000f5580000,0x00000000f64fff40,0x00000000f6500000)
  from space 4096K, 0% used [0x00000000f6c00000,0x00000000f6c00000,0x00000000f7000000)
  to   space 5120K, 0% used [0x00000000f6500000,0x00000000f6500000,0x00000000f6a00000)
 ParOldGen       total 349696K, used 349690K [0x00000000e0000000, 0x00000000f5580000, 0x00000000f5580000)
  object space 349696K, 99% used [0x00000000e0000000,0x00000000f557ea90,0x00000000f5580000)
 Metaspace       used 56979K, committed 58176K, reserved 1105920K
  class space    used 5608K, committed 6144K, reserved 1048576K
}
Event: 164.076 GC heap before
{Heap before GC invocations=435 (full 315):
 PSYoungGen      total 19968K, used 15872K [0x00000000f5580000, 0x00000000f7000000, 0x0000000100000000)
  eden space 15872K, 100% used [0x00000000f5580000,0x00000000f6500000,0x00000000f6500000)
  from space 4096K, 0% used [0x00000000f6c00000,0x00000000f6c00000,0x00000000f7000000)
  to   space 5120K, 0% used [0x00000000f6500000,0x00000000f6500000,0x00000000f6a00000)
 ParOldGen       total 349696K, used 349690K [0x00000000e0000000, 0x00000000f5580000, 0x00000000f5580000)
  object space 349696K, 99% used [0x00000000e0000000,0x00000000f557ea90,0x00000000f5580000)
 Metaspace       used 56979K, committed 58176K, reserved 1105920K
  class space    used 5608K, committed 6144K, reserved 1048576K
}
Event: 164.596 GC heap after
{Heap after GC invocations=435 (full 315):
 PSYoungGen      total 20992K, used 15871K [0x00000000f5580000, 0x00000000f7000000, 0x0000000100000000)
  eden space 15872K, 99% used [0x00000000f5580000,0x00000000f64fff40,0x00000000f6500000)
  from space 5120K, 0% used [0x00000000f6500000,0x00000000f6500000,0x00000000f6a00000)
  to   space 4096K, 0% used [0x00000000f6c00000,0x00000000f6c00000,0x00000000f7000000)
 ParOldGen       total 349696K, used 349690K [0x00000000e0000000, 0x00000000f5580000, 0x00000000f5580000)
  object space 349696K, 99% used [0x00000000e0000000,0x00000000f557ea90,0x00000000f5580000)
 Metaspace       used 56979K, committed 58176K, reserved 1105920K
  class space    used 5608K, committed 6144K, reserved 1048576K
}
Event: 164.597 GC heap before
{Heap before GC invocations=436 (full 316):
 PSYoungGen      total 20992K, used 15871K [0x00000000f5580000, 0x00000000f7000000, 0x0000000100000000)
  eden space 15872K, 99% used [0x00000000f5580000,0x00000000f64ffff0,0x00000000f6500000)
  from space 5120K, 0% used [0x00000000f6500000,0x00000000f6500000,0x00000000f6a00000)
  to   space 4096K, 0% used [0x00000000f6c00000,0x00000000f6c00000,0x00000000f7000000)
 ParOldGen       total 349696K, used 349690K [0x00000000e0000000, 0x00000000f5580000, 0x00000000f5580000)
  object space 349696K, 99% used [0x00000000e0000000,0x00000000f557ea90,0x00000000f5580000)
 Metaspace       used 56979K, committed 58176K, reserved 1105920K
  class space    used 5608K, committed 6144K, reserved 1048576K
}
Event: 165.090 GC heap after
{Heap after GC invocations=436 (full 316):
 PSYoungGen      total 19968K, used 15871K [0x00000000f5580000, 0x00000000f7000000, 0x0000000100000000)
  eden space 15872K, 99% used [0x00000000f5580000,0x00000000f64fffd8,0x00000000f6500000)
  from space 4096K, 0% used [0x00000000f6c00000,0x00000000f6c00000,0x00000000f7000000)
  to   space 5120K, 0% used [0x00000000f6500000,0x00000000f6500000,0x00000000f6a00000)
 ParOldGen       total 349696K, used 349690K [0x00000000e0000000, 0x00000000f5580000, 0x00000000f5580000)
  object space 349696K, 99% used [0x00000000e0000000,0x00000000f557ea90,0x00000000f5580000)
 Metaspace       used 56979K, committed 58176K, reserved 1105920K
  class space    used 5608K, committed 6144K, reserved 1048576K
}
Event: 165.090 GC heap before
{Heap before GC invocations=437 (full 317):
 PSYoungGen      total 19968K, used 15872K [0x00000000f5580000, 0x00000000f7000000, 0x0000000100000000)
  eden space 15872K, 100% used [0x00000000f5580000,0x00000000f6500000,0x00000000f6500000)
  from space 4096K, 0% used [0x00000000f6c00000,0x00000000f6c00000,0x00000000f7000000)
  to   space 5120K, 0% used [0x00000000f6500000,0x00000000f6500000,0x00000000f6a00000)
 ParOldGen       total 349696K, used 349690K [0x00000000e0000000, 0x00000000f5580000, 0x00000000f5580000)
  object space 349696K, 99% used [0x00000000e0000000,0x00000000f557ea90,0x00000000f5580000)
 Metaspace       used 56979K, committed 58176K, reserved 1105920K
  class space    used 5608K, committed 6144K, reserved 1048576K
}
Event: 165.670 GC heap after
{Heap after GC invocations=437 (full 317):
 PSYoungGen      total 20992K, used 15871K [0x00000000f5580000, 0x00000000f7000000, 0x0000000100000000)
  eden space 15872K, 99% used [0x00000000f5580000,0x00000000f64ffff0,0x00000000f6500000)
  from space 5120K, 0% used [0x00000000f6500000,0x00000000f6500000,0x00000000f6a00000)
  to   space 4096K, 0% used [0x00000000f6c00000,0x00000000f6c00000,0x00000000f7000000)
 ParOldGen       total 349696K, used 349690K [0x00000000e0000000, 0x00000000f5580000, 0x00000000f5580000)
  object space 349696K, 99% used [0x00000000e0000000,0x00000000f557ea90,0x00000000f5580000)
 Metaspace       used 56979K, committed 58176K, reserved 1105920K
  class space    used 5608K, committed 6144K, reserved 1048576K
}
Event: 165.670 GC heap before
{Heap before GC invocations=438 (full 318):
 PSYoungGen      total 20992K, used 15871K [0x00000000f5580000, 0x00000000f7000000, 0x0000000100000000)
  eden space 15872K, 99% used [0x00000000f5580000,0x00000000f64ffff0,0x00000000f6500000)
  from space 5120K, 0% used [0x00000000f6500000,0x00000000f6500000,0x00000000f6a00000)
  to   space 4096K, 0% used [0x00000000f6c00000,0x00000000f6c00000,0x00000000f7000000)
 ParOldGen       total 349696K, used 349693K [0x00000000e0000000, 0x00000000f5580000, 0x00000000f5580000)
  object space 349696K, 99% used [0x00000000e0000000,0x00000000f557f498,0x00000000f5580000)
 Metaspace       used 56979K, committed 58176K, reserved 1105920K
  class space    used 5608K, committed 6144K, reserved 1048576K
}
Event: 166.233 GC heap after
{Heap after GC invocations=438 (full 318):
 PSYoungGen      total 19968K, used 15871K [0x00000000f5580000, 0x00000000f7000000, 0x0000000100000000)
  eden space 15872K, 99% used [0x00000000f5580000,0x00000000f64fff18,0x00000000f6500000)
  from space 4096K, 0% used [0x00000000f6c00000,0x00000000f6c00000,0x00000000f7000000)
  to   space 5120K, 0% used [0x00000000f6500000,0x00000000f6500000,0x00000000f6a00000)
 ParOldGen       total 349696K, used 349692K [0x00000000e0000000, 0x00000000f5580000, 0x00000000f5580000)
  object space 349696K, 99% used [0x00000000e0000000,0x00000000f557f388,0x00000000f5580000)
 Metaspace       used 56979K, committed 58176K, reserved 1105920K
  class space    used 5608K, committed 6144K, reserved 1048576K
}
Event: 166.233 GC heap before
{Heap before GC invocations=439 (full 319):
 PSYoungGen      total 19968K, used 15871K [0x00000000f5580000, 0x00000000f7000000, 0x0000000100000000)
  eden space 15872K, 99% used [0x00000000f5580000,0x00000000f64ffff8,0x00000000f6500000)
  from space 4096K, 0% used [0x00000000f6c00000,0x00000000f6c00000,0x00000000f7000000)
  to   space 5120K, 0% used [0x00000000f6500000,0x00000000f6500000,0x00000000f6a00000)
 ParOldGen       total 349696K, used 349692K [0x00000000e0000000, 0x00000000f5580000, 0x00000000f5580000)
  object space 349696K, 99% used [0x00000000e0000000,0x00000000f557f388,0x00000000f5580000)
 Metaspace       used 56979K, committed 58176K, reserved 1105920K
  class space    used 5608K, committed 6144K, reserved 1048576K
}
Event: 166.659 GC heap after
{Heap after GC invocations=439 (full 319):
 PSYoungGen      total 20992K, used 15871K [0x00000000f5580000, 0x00000000f7000000, 0x0000000100000000)
  eden space 15872K, 99% used [0x00000000f5580000,0x00000000f64fff78,0x00000000f6500000)
  from space 5120K, 0% used [0x00000000f6500000,0x00000000f6500000,0x00000000f6a00000)
  to   space 4096K, 0% used [0x00000000f6c00000,0x00000000f6c00000,0x00000000f7000000)
 ParOldGen       total 349696K, used 349692K [0x00000000e0000000, 0x00000000f5580000, 0x00000000f5580000)
  object space 349696K, 99% used [0x00000000e0000000,0x00000000f557f368,0x00000000f5580000)
 Metaspace       used 56979K, committed 58176K, reserved 1105920K
  class space    used 5608K, committed 6144K, reserved 1048576K
}
Event: 166.660 GC heap before
{Heap before GC invocations=440 (full 320):
 PSYoungGen      total 20992K, used 15871K [0x00000000f5580000, 0x00000000f7000000, 0x0000000100000000)
  eden space 15872K, 99% used [0x00000000f5580000,0x00000000f64fffa8,0x00000000f6500000)
  from space 5120K, 0% used [0x00000000f6500000,0x00000000f6500000,0x00000000f6a00000)
  to   space 4096K, 0% used [0x00000000f6c00000,0x00000000f6c00000,0x00000000f7000000)
 ParOldGen       total 349696K, used 349693K [0x00000000e0000000, 0x00000000f5580000, 0x00000000f5580000)
  object space 349696K, 99% used [0x00000000e0000000,0x00000000f557f478,0x00000000f5580000)
 Metaspace       used 56979K, committed 58176K, reserved 1105920K
  class space    used 5608K, committed 6144K, reserved 1048576K
}
Event: 167.116 GC heap after
{Heap after GC invocations=440 (full 320):
 PSYoungGen      total 19968K, used 15871K [0x00000000f5580000, 0x00000000f7000000, 0x0000000100000000)
  eden space 15872K, 99% used [0x00000000f5580000,0x00000000f64fff40,0x00000000f6500000)
  from space 4096K, 0% used [0x00000000f6c00000,0x00000000f6c00000,0x00000000f7000000)
  to   space 5120K, 0% used [0x00000000f6500000,0x00000000f6500000,0x00000000f6a00000)
 ParOldGen       total 349696K, used 349693K [0x00000000e0000000, 0x00000000f5580000, 0x00000000f5580000)
  object space 349696K, 99% used [0x00000000e0000000,0x00000000f557f478,0x00000000f5580000)
 Metaspace       used 56979K, committed 58176K, reserved 1105920K
  class space    used 5608K, committed 6144K, reserved 1048576K
}
Event: 167.116 GC heap before
{Heap before GC invocations=441 (full 321):
 PSYoungGen      total 19968K, used 15871K [0x00000000f5580000, 0x00000000f7000000, 0x0000000100000000)
  eden space 15872K, 99% used [0x00000000f5580000,0x00000000f64fff40,0x00000000f6500000)
  from space 4096K, 0% used [0x00000000f6c00000,0x00000000f6c00000,0x00000000f7000000)
  to   space 5120K, 0% used [0x00000000f6500000,0x00000000f6500000,0x00000000f6a00000)
 ParOldGen       total 349696K, used 349693K [0x00000000e0000000, 0x00000000f5580000, 0x00000000f5580000)
  object space 349696K, 99% used [0x00000000e0000000,0x00000000f557f478,0x00000000f5580000)
 Metaspace       used 56979K, committed 58176K, reserved 1105920K
  class space    used 5608K, committed 6144K, reserved 1048576K
}
Event: 167.626 GC heap after
{Heap after GC invocations=441 (full 321):
 PSYoungGen      total 20992K, used 15871K [0x00000000f5580000, 0x00000000f7000000, 0x0000000100000000)
  eden space 15872K, 99% used [0x00000000f5580000,0x00000000f64fff40,0x00000000f6500000)
  from space 5120K, 0% used [0x00000000f6500000,0x00000000f6500000,0x00000000f6a00000)
  to   space 4096K, 0% used [0x00000000f6c00000,0x00000000f6c00000,0x00000000f7000000)
 ParOldGen       total 349696K, used 349693K [0x00000000e0000000, 0x00000000f5580000, 0x00000000f5580000)
  object space 349696K, 99% used [0x00000000e0000000,0x00000000f557f478,0x00000000f5580000)
 Metaspace       used 56979K, committed 58176K, reserved 1105920K
  class space    used 5608K, committed 6144K, reserved 1048576K
}

